May 09, 2018 1:49:01 PM backend.server.ComputerServer run
INFO: Starting the ComputerServer
May 09, 2018 1:50:40 PM backend.server.ComputerServer run
INFO: Starting the ComputerServer
May 09, 2018 1:51:12 PM backend.server.ComputerServer run
INFO: Starting the ComputerServer
May 09, 2018 1:57:35 PM backend.server.ComputerServer run
INFO: Starting the ComputerServer
May 09, 2018 1:57:44 PM backend.server.ComputerServer run
INFO: accepted
May 09, 2018 1:57:47 PM backend.server.ClientThread run
WARNING: Shutting down the ComputerServer
May 09, 2018 1:57:47 PM backend.server.ClientThread run
WARNING: This client thread is closing
May 09, 2018 1:58:03 PM backend.server.ComputerServer run
INFO: accepted
May 09, 2018 1:58:04 PM backend.server.ClientThread run
WARNING: Shutting down the ComputerServer
May 09, 2018 1:58:04 PM backend.server.ClientThread run
WARNING: This client thread is closing
May 09, 2018 1:59:44 PM backend.server.ComputerServer run
INFO: accepted
May 09, 2018 1:59:46 PM backend.server.ClientThread run
WARNING: Shutting down the ComputerServer
May 09, 2018 1:59:46 PM backend.server.ClientThread run
WARNING: This client thread is closing
May 09, 2018 2:03:00 PM backend.server.ComputerServer run
INFO: accepted
May 09, 2018 2:03:01 PM backend.server.ClientThread run
WARNING: Shutting down the ComputerServer
May 09, 2018 2:03:01 PM backend.server.ClientThread run
WARNING: This client thread is closing
May 09, 2018 2:05:35 PM backend.server.ComputerServer run
INFO: Starting the ComputerServer
May 09, 2018 2:05:41 PM backend.server.ComputerServer run
INFO: accepted
May 09, 2018 2:05:42 PM backend.server.ClientThread run
WARNING: Shutting down the ComputerServer
May 09, 2018 2:05:42 PM backend.server.ClientThread run
WARNING: This client thread is closing
May 09, 2018 2:07:06 PM backend.server.ComputerServer run
INFO: accepted
May 09, 2018 2:07:07 PM backend.server.ClientThread run
WARNING: Shutting down the ComputerServer
May 09, 2018 2:07:07 PM backend.server.ClientThread run
WARNING: This client thread is closing
May 09, 2018 2:07:17 PM backend.server.ComputerServer run
INFO: accepted
May 09, 2018 2:07:19 PM backend.server.ClientThread run
WARNING: Shutting down the ComputerServer
May 09, 2018 2:07:19 PM backend.server.ClientThread run
WARNING: This client thread is closing
May 09, 2018 2:07:33 PM backend.server.ComputerServer run
INFO: accepted
May 09, 2018 2:07:35 PM backend.server.ClientThread run
WARNING: Shutting down the ComputerServer
May 09, 2018 2:07:35 PM backend.server.ClientThread run
WARNING: This client thread is closing
May 09, 2018 2:09:07 PM backend.server.ComputerServer run
INFO: accepted
May 09, 2018 2:09:09 PM backend.server.ClientThread run
WARNING: Shutting down the ComputerServer
May 09, 2018 2:09:09 PM backend.server.ClientThread run
WARNING: This client thread is closing
May 09, 2018 2:11:23 PM backend.server.ComputerServer run
INFO: accepted
May 09, 2018 2:11:25 PM backend.server.ClientThread run
WARNING: Shutting down the ComputerServer
May 09, 2018 2:11:25 PM backend.server.ClientThread run
WARNING: This client thread is closing
May 09, 2018 2:12:51 PM backend.server.ComputerServer run
INFO: accepted
May 09, 2018 2:12:53 PM backend.server.ClientThread run
WARNING: Shutting down the ComputerServer
May 09, 2018 2:12:53 PM backend.server.ClientThread run
WARNING: This client thread is closing
May 09, 2018 2:13:07 PM backend.server.ComputerServer run
INFO: accepted
May 09, 2018 2:13:09 PM backend.server.ClientThread run
WARNING: Shutting down the ComputerServer
May 09, 2018 2:13:09 PM backend.server.ClientThread run
WARNING: This client thread is closing
May 09, 2018 2:13:47 PM backend.server.ComputerServer run
INFO: accepted
May 09, 2018 2:13:49 PM backend.server.ClientThread run
WARNING: Shutting down the ComputerServer
May 09, 2018 2:13:49 PM backend.server.ClientThread run
WARNING: This client thread is closing
May 09, 2018 2:14:14 PM backend.server.ComputerServer run
INFO: accepted
May 09, 2018 2:14:16 PM backend.server.ClientThread run
WARNING: Shutting down the ComputerServer
May 09, 2018 2:14:16 PM backend.server.ClientThread run
WARNING: This client thread is closing
May 09, 2018 2:15:31 PM backend.server.ComputerServer run
INFO: Starting the ComputerServer
May 09, 2018 2:15:38 PM backend.server.ComputerServer run
INFO: accepted
May 09, 2018 2:15:41 PM backend.server.ClientThread run
WARNING: Shutting down the ComputerServer
May 09, 2018 2:15:41 PM backend.server.ClientThread run
WARNING: This client thread is closing
